::1 - - [08/Mar/2021:14:22:31 +0530] "GET / HTTP/1.1" 200 3567 "-" "Mozilla/5.0 (Windows NT 10.0; Win64; x64) AppleWebKit/537.36 (KHTML, like Gecko) Chrome/88.0.4324.190 Safari/537.36"
::1 - - [08/Mar/2021:14:22:33 +0530] "GET /static/app/content/bootstrap.min.css HTTP/1.1" 200 97949 "http://localhost/" "Mozilla/5.0 (Windows NT 10.0; Win64; x64) AppleWebKit/537.36 (KHTML, like Gecko) Chrome/88.0.4324.190 Safari/537.36"
::1 - - [08/Mar/2021:14:22:33 +0530] "GET /static/app/content/site.css HTTP/1.1" 200 1247 "http://localhost/" "Mozilla/5.0 (Windows NT 10.0; Win64; x64) AppleWebKit/537.36 (KHTML, like Gecko) Chrome/88.0.4324.190 Safari/537.36"
::1 - - [08/Mar/2021:14:22:33 +0530] "GET /static/app/scripts/modernizr-2.6.2.js HTTP/1.1" 200 51458 "http://localhost/" "Mozilla/5.0 (Windows NT 10.0; Win64; x64) AppleWebKit/537.36 (KHTML, like Gecko) Chrome/88.0.4324.190 Safari/537.36"
::1 - - [08/Mar/2021:14:22:33 +0530] "GET /static/app/scripts/bootstrap.js HTTP/1.1" 200 59250 "http://localhost/" "Mozilla/5.0 (Windows NT 10.0; Win64; x64) AppleWebKit/537.36 (KHTML, like Gecko) Chrome/88.0.4324.190 Safari/537.36"
::1 - - [08/Mar/2021:14:22:33 +0530] "GET /static/app/scripts/jquery-1.10.2.js HTTP/1.1" 200 273990 "http://localhost/" "Mozilla/5.0 (Windows NT 10.0; Win64; x64) AppleWebKit/537.36 (KHTML, like Gecko) Chrome/88.0.4324.190 Safari/537.36"
::1 - - [08/Mar/2021:14:22:33 +0530] "GET /static/app/scripts/respond.js HTTP/1.1" 200 10318 "http://localhost/" "Mozilla/5.0 (Windows NT 10.0; Win64; x64) AppleWebKit/537.36 (KHTML, like Gecko) Chrome/88.0.4324.190 Safari/537.36"
::1 - - [08/Mar/2021:14:22:33 +0530] "GET /static/app/img/successCloudNew.svg HTTP/1.1" 200 4237 "http://localhost/" "Mozilla/5.0 (Windows NT 10.0; Win64; x64) AppleWebKit/537.36 (KHTML, like Gecko) Chrome/88.0.4324.190 Safari/537.36"
::1 - - [08/Mar/2021:14:22:33 +0530] "GET /static/app/img/tweetThis.svg HTTP/1.1" 200 1074 "http://localhost/" "Mozilla/5.0 (Windows NT 10.0; Win64; x64) AppleWebKit/537.36 (KHTML, like Gecko) Chrome/88.0.4324.190 Safari/537.36"
::1 - - [08/Mar/2021:14:22:33 +0530] "GET /static/app/fonts/segoeuil.ttf HTTP/1.1" 200 808120 "http://localhost/static/app/content/site.css" "Mozilla/5.0 (Windows NT 10.0; Win64; x64) AppleWebKit/537.36 (KHTML, like Gecko) Chrome/88.0.4324.190 Safari/537.36"
::1 - - [08/Mar/2021:14:23:03 +0530] "GET / HTTP/1.1" 200 3567 "http://localhost/" "Mozilla/5.0 (Windows NT 10.0; Win64; x64) AppleWebKit/537.36 (KHTML, like Gecko) Chrome/88.0.4324.190 Safari/537.36"
::1 - - [08/Mar/2021:14:23:04 +0530] "GET /about HTTP/1.1" 200 1884 "http://localhost/" "Mozilla/5.0 (Windows NT 10.0; Win64; x64) AppleWebKit/537.36 (KHTML, like Gecko) Chrome/88.0.4324.190 Safari/537.36"
::1 - - [08/Mar/2021:14:23:06 +0530] "GET /contact HTTP/1.1" 200 2167 "http://localhost/about" "Mozilla/5.0 (Windows NT 10.0; Win64; x64) AppleWebKit/537.36 (KHTML, like Gecko) Chrome/88.0.4324.190 Safari/537.36"
::1 - - [08/Mar/2021:14:23:08 +0530] "GET / HTTP/1.1" 200 3567 "http://localhost/contact" "Mozilla/5.0 (Windows NT 10.0; Win64; x64) AppleWebKit/537.36 (KHTML, like Gecko) Chrome/88.0.4324.190 Safari/537.36"
::1 - - [08/Mar/2021:14:24:03 +0530] "-" 408 - "-" "-"
::1 - - [08/Mar/2021:14:33:32 +0530] "GET / HTTP/1.1" 200 3567 "http://localhost/contact" "Mozilla/5.0 (Windows NT 10.0; Win64; x64) AppleWebKit/537.36 (KHTML, like Gecko) Chrome/88.0.4324.190 Safari/537.36"
::1 - - [08/Mar/2021:14:33:32 +0530] "GET /static/app/content/bootstrap.min.css HTTP/1.1" 200 97949 "http://localhost/" "Mozilla/5.0 (Windows NT 10.0; Win64; x64) AppleWebKit/537.36 (KHTML, like Gecko) Chrome/88.0.4324.190 Safari/537.36"
::1 - - [08/Mar/2021:14:33:32 +0530] "GET /static/app/content/site.css HTTP/1.1" 200 1247 "http://localhost/" "Mozilla/5.0 (Windows NT 10.0; Win64; x64) AppleWebKit/537.36 (KHTML, like Gecko) Chrome/88.0.4324.190 Safari/537.36"
::1 - - [08/Mar/2021:14:33:32 +0530] "GET /static/app/scripts/modernizr-2.6.2.js HTTP/1.1" 200 51458 "http://localhost/" "Mozilla/5.0 (Windows NT 10.0; Win64; x64) AppleWebKit/537.36 (KHTML, like Gecko) Chrome/88.0.4324.190 Safari/537.36"
::1 - - [08/Mar/2021:14:33:32 +0530] "GET /static/app/scripts/bootstrap.js HTTP/1.1" 200 59250 "http://localhost/" "Mozilla/5.0 (Windows NT 10.0; Win64; x64) AppleWebKit/537.36 (KHTML, like Gecko) Chrome/88.0.4324.190 Safari/537.36"
::1 - - [08/Mar/2021:14:33:32 +0530] "GET /static/app/scripts/jquery-1.10.2.js HTTP/1.1" 200 273990 "http://localhost/" "Mozilla/5.0 (Windows NT 10.0; Win64; x64) AppleWebKit/537.36 (KHTML, like Gecko) Chrome/88.0.4324.190 Safari/537.36"
::1 - - [08/Mar/2021:14:33:32 +0530] "GET /static/app/scripts/respond.js HTTP/1.1" 200 10318 "http://localhost/" "Mozilla/5.0 (Windows NT 10.0; Win64; x64) AppleWebKit/537.36 (KHTML, like Gecko) Chrome/88.0.4324.190 Safari/537.36"
::1 - - [08/Mar/2021:14:33:32 +0530] "GET /static/app/img/successCloudNew.svg HTTP/1.1" 200 4237 "http://localhost/" "Mozilla/5.0 (Windows NT 10.0; Win64; x64) AppleWebKit/537.36 (KHTML, like Gecko) Chrome/88.0.4324.190 Safari/537.36"
::1 - - [08/Mar/2021:14:33:32 +0530] "GET /static/app/img/tweetThis.svg HTTP/1.1" 200 1074 "http://localhost/" "Mozilla/5.0 (Windows NT 10.0; Win64; x64) AppleWebKit/537.36 (KHTML, like Gecko) Chrome/88.0.4324.190 Safari/537.36"
::1 - - [08/Mar/2021:14:33:32 +0530] "GET /static/app/fonts/segoeuil.ttf HTTP/1.1" 200 808120 "http://localhost/static/app/content/site.css" "Mozilla/5.0 (Windows NT 10.0; Win64; x64) AppleWebKit/537.36 (KHTML, like Gecko) Chrome/88.0.4324.190 Safari/537.36"
::1 - - [08/Mar/2021:14:33:34 +0530] "GET /favicon.ico HTTP/1.1" 404 2480 "http://localhost/" "Mozilla/5.0 (Windows NT 10.0; Win64; x64) AppleWebKit/537.36 (KHTML, like Gecko) Chrome/88.0.4324.190 Safari/537.36"
::1 - - [08/Mar/2021:14:36:31 +0530] "GET / HTTP/1.1" 200 3567 "-" "Mozilla/5.0 (Windows NT 10.0; Win64; x64) AppleWebKit/537.36 (KHTML, like Gecko) Chrome/88.0.4324.190 Safari/537.36"
::1 - - [08/Mar/2021:14:37:31 +0530] "-" 408 - "-" "-"
::1 - - [08/Mar/2021:14:38:44 +0530] "GET / HTTP/1.1" 200 3567 "-" "Mozilla/5.0 (Windows NT 10.0; Win64; x64) AppleWebKit/537.36 (KHTML, like Gecko) Chrome/88.0.4324.190 Safari/537.36"
::1 - - [08/Mar/2021:14:39:44 +0530] "-" 408 - "-" "-"
::1 - - [08/Mar/2021:14:44:46 +0530] "GET / HTTP/1.1" 200 3567 "-" "Mozilla/5.0 (Windows NT 10.0; Win64; x64) AppleWebKit/537.36 (KHTML, like Gecko) Chrome/88.0.4324.190 Safari/537.36"
::1 - - [08/Mar/2021:14:45:46 +0530] "-" 408 - "-" "-"
::1 - - [08/Mar/2021:15:00:32 +0530] "GET / HTTP/1.1" 200 3567 "-" "Mozilla/5.0 (Windows NT 10.0; Win64; x64) AppleWebKit/537.36 (KHTML, like Gecko) Chrome/88.0.4324.190 Safari/537.36"
::1 - - [08/Mar/2021:15:00:34 +0530] "GET /favicon.ico HTTP/1.1" 404 2480 "http://localhost/" "Mozilla/5.0 (Windows NT 10.0; Win64; x64) AppleWebKit/537.36 (KHTML, like Gecko) Chrome/88.0.4324.190 Safari/537.36"
::1 - - [08/Mar/2021:15:05:57 +0530] "\x16\x03\x01\x02" 400 352 "-" "-"
::1 - - [08/Mar/2021:15:05:57 +0530] "\x16\x03\x01\x02" 400 352 "-" "-"
::1 - - [08/Mar/2021:15:05:57 +0530] "\x16\x03\x01\x02" 400 352 "-" "-"
::1 - - [08/Mar/2021:15:05:57 +0530] "\x16\x03\x01\x02" 400 352 "-" "-"
::1 - - [08/Mar/2021:15:05:57 +0530] "\x16\x03\x01\x02" 400 352 "-" "-"
::1 - - [08/Mar/2021:15:05:57 +0530] "\x16\x03\x01\x02" 400 352 "-" "-"
::1 - - [08/Mar/2021:15:13:38 +0530] "GET / HTTP/1.1" 200 3567 "-" "Mozilla/5.0 (Windows NT 10.0; Win64; x64) AppleWebKit/537.36 (KHTML, like Gecko) Chrome/88.0.4324.190 Safari/537.36"
::1 - - [08/Mar/2021:15:14:38 +0530] "-" 408 - "-" "-"
::1 - - [08/Mar/2021:15:28:19 +0530] "GET / HTTP/1.1" 200 3567 "-" "Mozilla/5.0 (Windows NT 10.0; Win64; x64) AppleWebKit/537.36 (KHTML, like Gecko) Chrome/88.0.4324.190 Safari/537.36"
::1 - - [08/Mar/2021:15:29:19 +0530] "-" 408 - "-" "-"
::1 - - [08/Mar/2021:15:30:45 +0530] "GET / HTTP/1.1" 200 3567 "-" "Mozilla/5.0 (Windows NT 10.0; Win64; x64) AppleWebKit/537.36 (KHTML, like Gecko) Chrome/88.0.4324.190 Safari/537.36"
::1 - - [08/Mar/2021:15:33:04 +0530] "GET / HTTP/1.1" 200 3567 "-" "Mozilla/5.0 (Windows NT 10.0; Win64; x64) AppleWebKit/537.36 (KHTML, like Gecko) Chrome/88.0.4324.190 Safari/537.36"
::1 - - [08/Mar/2021:16:08:13 +0530] "GET / HTTP/1.1" 200 3567 "-" "Mozilla/5.0 (Windows NT 10.0; Win64; x64) AppleWebKit/537.36 (KHTML, like Gecko) Chrome/88.0.4324.190 Safari/537.36"
::1 - - [08/Mar/2021:16:08:18 +0530] "GET / HTTP/1.1" 200 3567 "http://localhost/" "Mozilla/5.0 (Windows NT 10.0; Win64; x64) AppleWebKit/537.36 (KHTML, like Gecko) Chrome/88.0.4324.190 Safari/537.36"
::1 - - [08/Mar/2021:16:08:19 +0530] "GET /about HTTP/1.1" 200 1884 "http://localhost/" "Mozilla/5.0 (Windows NT 10.0; Win64; x64) AppleWebKit/537.36 (KHTML, like Gecko) Chrome/88.0.4324.190 Safari/537.36"
::1 - - [08/Mar/2021:16:08:20 +0530] "GET /contact HTTP/1.1" 200 2167 "http://localhost/about" "Mozilla/5.0 (Windows NT 10.0; Win64; x64) AppleWebKit/537.36 (KHTML, like Gecko) Chrome/88.0.4324.190 Safari/537.36"
::1 - - [08/Mar/2021:16:08:21 +0530] "GET /about HTTP/1.1" 200 1884 "http://localhost/contact" "Mozilla/5.0 (Windows NT 10.0; Win64; x64) AppleWebKit/537.36 (KHTML, like Gecko) Chrome/88.0.4324.190 Safari/537.36"
::1 - - [08/Mar/2021:16:09:04 +0530] "GET /about HTTP/1.1" 200 1884 "http://localhost/contact" "Mozilla/5.0 (Windows NT 10.0; Win64; x64) AppleWebKit/537.36 (KHTML, like Gecko) Chrome/88.0.4324.190 Safari/537.36"
::1 - - [08/Mar/2021:16:09:04 +0530] "GET /static/app/content/bootstrap.min.css HTTP/1.1" 200 97949 "http://localhost/about" "Mozilla/5.0 (Windows NT 10.0; Win64; x64) AppleWebKit/537.36 (KHTML, like Gecko) Chrome/88.0.4324.190 Safari/537.36"
::1 - - [08/Mar/2021:16:09:04 +0530] "GET /static/app/content/site.css HTTP/1.1" 200 1247 "http://localhost/about" "Mozilla/5.0 (Windows NT 10.0; Win64; x64) AppleWebKit/537.36 (KHTML, like Gecko) Chrome/88.0.4324.190 Safari/537.36"
::1 - - [08/Mar/2021:16:09:04 +0530] "GET /static/app/scripts/jquery-1.10.2.js HTTP/1.1" 200 273990 "http://localhost/about" "Mozilla/5.0 (Windows NT 10.0; Win64; x64) AppleWebKit/537.36 (KHTML, like Gecko) Chrome/88.0.4324.190 Safari/537.36"
::1 - - [08/Mar/2021:16:09:04 +0530] "GET /static/app/scripts/modernizr-2.6.2.js HTTP/1.1" 200 51458 "http://localhost/about" "Mozilla/5.0 (Windows NT 10.0; Win64; x64) AppleWebKit/537.36 (KHTML, like Gecko) Chrome/88.0.4324.190 Safari/537.36"
::1 - - [08/Mar/2021:16:09:04 +0530] "GET /static/app/scripts/bootstrap.js HTTP/1.1" 200 59250 "http://localhost/about" "Mozilla/5.0 (Windows NT 10.0; Win64; x64) AppleWebKit/537.36 (KHTML, like Gecko) Chrome/88.0.4324.190 Safari/537.36"
::1 - - [08/Mar/2021:16:09:04 +0530] "GET /static/app/scripts/respond.js HTTP/1.1" 200 10318 "http://localhost/about" "Mozilla/5.0 (Windows NT 10.0; Win64; x64) AppleWebKit/537.36 (KHTML, like Gecko) Chrome/88.0.4324.190 Safari/537.36"
::1 - - [08/Mar/2021:16:09:04 +0530] "GET /favicon.ico HTTP/1.1" 404 2480 "http://localhost/about" "Mozilla/5.0 (Windows NT 10.0; Win64; x64) AppleWebKit/537.36 (KHTML, like Gecko) Chrome/88.0.4324.190 Safari/537.36"
::1 - - [08/Mar/2021:16:15:10 +0530] "GET / HTTP/1.1" 200 3567 "-" "Mozilla/5.0 (Windows NT 10.0; Win64; x64) AppleWebKit/537.36 (KHTML, like Gecko) Chrome/88.0.4324.190 Safari/537.36"
::1 - - [08/Mar/2021:16:16:10 +0530] "-" 408 - "-" "-"
::1 - - [08/Mar/2021:16:17:44 +0530] "GET / HTTP/1.1" 200 3567 "-" "Mozilla/5.0 (Windows NT 10.0; Win64; x64) AppleWebKit/537.36 (KHTML, like Gecko) Chrome/88.0.4324.190 Safari/537.36"
::1 - - [08/Mar/2021:16:18:44 +0530] "-" 408 - "-" "-"
::1 - - [08/Mar/2021:16:19:57 +0530] "GET / HTTP/1.1" 200 3567 "-" "Mozilla/5.0 (Windows NT 10.0; Win64; x64) AppleWebKit/537.36 (KHTML, like Gecko) Chrome/88.0.4324.190 Safari/537.36"
::1 - - [08/Mar/2021:16:19:58 +0530] "GET /favicon.ico HTTP/1.1" 404 2480 "http://localhost/" "Mozilla/5.0 (Windows NT 10.0; Win64; x64) AppleWebKit/537.36 (KHTML, like Gecko) Chrome/88.0.4324.190 Safari/537.36"
::1 - - [08/Mar/2021:16:20:57 +0530] "-" 408 - "-" "-"
::1 - - [08/Mar/2021:16:25:30 +0530] "GET / HTTP/1.1" 200 3567 "-" "Mozilla/5.0 (Windows NT 10.0; Win64; x64) AppleWebKit/537.36 (KHTML, like Gecko) Chrome/88.0.4324.190 Safari/537.36"
::1 - - [08/Mar/2021:16:25:32 +0530] "GET /favicon.ico HTTP/1.1" 404 2480 "http://localhost/" "Mozilla/5.0 (Windows NT 10.0; Win64; x64) AppleWebKit/537.36 (KHTML, like Gecko) Chrome/88.0.4324.190 Safari/537.36"
::1 - - [08/Mar/2021:16:26:30 +0530] "-" 408 - "-" "-"
::1 - - [08/Mar/2021:16:46:02 +0530] "GET / HTTP/1.1" 200 3567 "-" "Mozilla/5.0 (Windows NT 10.0; Win64; x64) AppleWebKit/537.36 (KHTML, like Gecko) Chrome/88.0.4324.190 Safari/537.36"
::1 - - [08/Mar/2021:16:47:03 +0530] "-" 408 - "-" "-"
::1 - - [08/Mar/2021:16:48:02 +0530] "GET / HTTP/1.1" 200 3567 "-" "Mozilla/5.0 (Windows NT 10.0; Win64; x64) AppleWebKit/537.36 (KHTML, like Gecko) Chrome/88.0.4324.190 Safari/537.36"
::1 - - [08/Mar/2021:16:48:03 +0530] "GET /favicon.ico HTTP/1.1" 404 2480 "http://localhost/" "Mozilla/5.0 (Windows NT 10.0; Win64; x64) AppleWebKit/537.36 (KHTML, like Gecko) Chrome/88.0.4324.190 Safari/537.36"
::1 - - [08/Mar/2021:16:49:02 +0530] "-" 408 - "-" "-"
::1 - - [08/Mar/2021:16:50:59 +0530] "GET / HTTP/1.1" 200 3567 "-" "Mozilla/5.0 (Windows NT 10.0; Win64; x64) AppleWebKit/537.36 (KHTML, like Gecko) Chrome/88.0.4324.190 Safari/537.36"
::1 - - [08/Mar/2021:16:51:00 +0530] "GET /favicon.ico HTTP/1.1" 404 2480 "http://localhost/" "Mozilla/5.0 (Windows NT 10.0; Win64; x64) AppleWebKit/537.36 (KHTML, like Gecko) Chrome/88.0.4324.190 Safari/537.36"
::1 - - [08/Mar/2021:17:00:05 +0530] "GET / HTTP/1.0" 400 488 "-" "-"
